<?xml version="1.0" encoding="UTF-8"?>
<!-- Generated by org.testng.reporters.JUnitReportReporter -->
<testsuite name="com.cisco.DBConnections.UseTestNG" tests="2" time="0.016" ignored="0" failures="0" timestamp="01 Aug 2017 11:21:31 GMT" skipped="0" hostname="SHUBHAST-X1DV3" errors="0">
  <testcase name="task1" time="0.012" classname="com.cisco.DBConnections.UseTestNG"/>
  <testcase name="task2" time="0.004" classname="com.cisco.DBConnections.UseTestNG"/>
</testsuite> <!-- com.cisco.DBConnections.UseTestNG -->
